Copyright 1986-2022 Xilinx, Inc. All Rights Reserved. Copyright 2022-2023 Advanced Micro Devices, Inc. All Rights Reserved.
---------------------------------------------------------------------------------------------------------------------------------------------
| Tool Version : Vivado v.2023.1 (win64) Build 3865809 Sun May  7 15:05:29 MDT 2023
| Date         : Tue Dec  5 14:30:50 2023
| Host         : LAPTOP-V3ASLSR1 running 64-bit major release  (build 9200)
| Command      : report_control_sets -verbose -file top_control_sets_placed.rpt
| Design       : top
| Device       : xc7k325t
---------------------------------------------------------------------------------------------------------------------------------------------

Control Set Information

Table of Contents
-----------------
1. Summary
2. Histogram
3. Flip-Flop Distribution
4. Detailed Control Set Information

1. Summary
----------

+----------------------------------------------------------+-------+
|                          Status                          | Count |
+----------------------------------------------------------+-------+
| Total control sets                                       |    77 |
|    Minimum number of control sets                        |    77 |
|    Addition due to synthesis replication                 |     0 |
|    Addition due to physical synthesis replication        |     0 |
| Unused register locations in slices containing registers |   120 |
+----------------------------------------------------------+-------+
* Control sets can be merged at opt_design using control_set_merge or merge_equivalent_drivers
** Run report_qor_suggestions for automated merging and remapping suggestions


2. Histogram
------------

+--------------------+-------+
|       Fanout       | Count |
+--------------------+-------+
| Total control sets |    77 |
| >= 0 to < 4        |     0 |
| >= 4 to < 6        |     3 |
| >= 6 to < 8        |     9 |
| >= 8 to < 10       |     0 |
| >= 10 to < 12      |     3 |
| >= 12 to < 14      |     3 |
| >= 14 to < 16      |     2 |
| >= 16              |    57 |
+--------------------+-------+
* Control sets can be remapped at either synth_design or opt_design


3. Flip-Flop Distribution
-------------------------

+--------------+-----------------------+------------------------+-----------------+--------------+
| Clock Enable | Synchronous Set/Reset | Asynchronous Set/Reset | Total Registers | Total Slices |
+--------------+-----------------------+------------------------+-----------------+--------------+
| No           | No                    | No                     |            2139 |          514 |
| No           | No                    | Yes                    |              42 |           11 |
| No           | Yes                   | No                     |              75 |           23 |
| Yes          | No                    | No                     |             527 |          227 |
| Yes          | No                    | Yes                    |            1124 |          666 |
| Yes          | Yes                   | No                     |              85 |           23 |
+--------------+-----------------------+------------------------+-----------------+--------------+


4. Detailed Control Set Information
-----------------------------------

+-------------------+------------------------------------------+----------------------------------+------------------+----------------+--------------+
|    Clock Signal   |               Enable Signal              |         Set/Reset Signal         | Slice Load Count | Bel Load Count | Bels / Slice |
+-------------------+------------------------------------------+----------------------------------+------------------+----------------+--------------+
|  CLK_GEN/CLK_OUT3 | DISPLAY/P2S_LED/data_count[3]_i_1__0_n_0 | rst_all                          |                1 |              4 |         4.00 |
|  CLK_GEN/CLK_OUT3 | BTN_SCAN/p_0_in                          |                                  |                1 |              5 |         5.00 |
|  CLK_GEN/CLK_OUT1 |                                          | vga/U12/v_count_reg[8]_0         |                2 |              5 |         2.50 |
|  CLK_GEN/CLK_OUT3 | DISPLAY/P2S_SEG/next_data_count          | rst_all                          |                2 |              6 |         3.00 |
|  debug_clk        | core/ctrl/FU_write_to[4][4]_i_1_n_0      | rst_all                          |                3 |              6 |         2.00 |
|  debug_clk        | core/ctrl/FU_status[3]_i_1_n_0           | rst_all                          |                4 |              7 |         1.75 |
|  CLK_GEN/CLK_OUT1 | vga/U12/E[0]                             |                                  |                6 |              7 |         1.17 |
|  CLK_GEN/CLK_OUT3 | DISPLAY/P2S_LED/buff_0                   | DISPLAY/P2S_LED/buff[16]_i_1_n_0 |                1 |              7 |         7.00 |
|  debug_clk        |                                          | core/mu/state[6]_i_1_n_0         |                1 |              7 |         7.00 |
|  debug_clk        | core/ctrl/FU_status[2]_i_1_n_0           | rst_all                          |                6 |              7 |         1.17 |
|  debug_clk        | core/ctrl/FU_status[1]_i_1_n_0           | rst_all                          |                3 |              7 |         2.33 |
|  debug_clk        | core/ctrl/FU_status[5]_i_1_n_0           | rst_all                          |                4 |              7 |         1.75 |
|  CLK_GEN/CLK_OUT3 |                                          | vga/U12/h_count[9]_i_1_n_0       |                5 |             10 |         2.00 |
|  CLK_GEN/CLK_OUT3 | DISPLAY/P2S_LED/buff_0                   |                                  |                3 |             10 |         3.33 |
|  CLK_GEN/CLK_OUT3 | vga/U12/v_count                          |                                  |                4 |             10 |         2.50 |
|  CLK_GEN/CLK_OUT3 |                                          | vga/U12/rdn_reg_n_0              |                2 |             12 |         6.00 |
|  CLK_GEN/CLK_OUT1 |                                          | vga/U12/v_count_reg[8]_21        |                5 |             13 |         2.60 |
|  CLK_GEN/CLK_OUT3 | DISPLAY/P2S_SEG/buff                     | DISPLAY/P2S_SEG/buff[64]_i_1_n_0 |                2 |             13 |         6.50 |
|  CLK_GEN/CLK_OUT3 | DISPLAY/P2S_SEG/buff                     |                                  |                2 |             14 |         7.00 |
|  CLK_GEN/CLK_OUT3 | DISPLAY/P2S_SEG/buff                     | DISPLAY/P2S_SEG/buff[63]_i_1_n_0 |                2 |             15 |         7.50 |
|  CLK_GEN/CLK_OUT4 |                                          |                                  |                4 |             17 |         4.25 |
|  debug_clk        | core/reg_ID/state_reg_0                  | core/reg_ID/state_reg            |                8 |             17 |         2.12 |
|  debug_clk        | core/du/state_reg[1]_0                   | core/du/state[1]                 |                7 |             23 |         3.29 |
|  CLK_GEN/CLK_OUT3 |                                          |                                  |               12 |             26 |         2.17 |
|  CLK_GEN/CLK_OUT3 |                                          | rst_all                          |                8 |             28 |         3.50 |
|  CLK_GEN/CLK_OUT1 |                                          |                                  |               20 |             31 |         1.55 |
| ~debug_clk        | core/ctrl/reg_write_reg_10[0]            | rst_all                          |               16 |             32 |         2.00 |
| ~debug_clk        | core/ctrl/reg_write_reg_29[0]            | rst_all                          |               25 |             32 |         1.28 |
| ~debug_clk        | core/ctrl/reg_write_reg_28[0]            | rst_all                          |               24 |             32 |         1.33 |
| ~debug_clk        | core/ctrl/reg_write_reg_6[0]             | rst_all                          |               21 |             32 |         1.52 |
| ~debug_clk        | core/ctrl/reg_write_reg_7[0]             | rst_all                          |               16 |             32 |         2.00 |
|  debug_clk        | core/reg_ID/reg_IF_EN                    | rst_all                          |                8 |             32 |         4.00 |
| ~debug_clk        | core/ctrl/reg_write_reg_5[0]             | rst_all                          |               24 |             32 |         1.33 |
| ~debug_clk        | core/ctrl/reg_write_reg_3[0]             | rst_all                          |               18 |             32 |         1.78 |
| ~debug_clk        | core/ctrl/reg_write_reg_27[0]            | rst_all                          |               18 |             32 |         1.78 |
| ~debug_clk        | core/ctrl/reg_write_reg_8[0]             | rst_all                          |               15 |             32 |         2.13 |
| ~debug_clk        | core/ctrl/reg_write_reg_9[0]             | rst_all                          |               19 |             32 |         1.68 |
| ~debug_clk        | core/ctrl/reg_write_reg_4[0]             | rst_all                          |               23 |             32 |         1.39 |
| ~debug_clk        | core/ctrl/reg_write_reg_17[0]            | rst_all                          |               15 |             32 |         2.13 |
| ~debug_clk        | core/ctrl/E[0]                           | rst_all                          |               16 |             32 |         2.00 |
| ~debug_clk        | core/ctrl/reg_write_reg_18[0]            | rst_all                          |               16 |             32 |         2.00 |
| ~debug_clk        | core/ctrl/reg_write_reg_20[0]            | rst_all                          |               22 |             32 |         1.45 |
| ~debug_clk        | core/ctrl/reg_write_reg_22[0]            | rst_all                          |               21 |             32 |         1.52 |
| ~debug_clk        | core/ctrl/reg_write_reg_23[0]            | rst_all                          |               19 |             32 |         1.68 |
| ~debug_clk        | core/ctrl/reg_write_reg_24[0]            | rst_all                          |               22 |             32 |         1.45 |
| ~debug_clk        | core/ctrl/reg_write_reg_25[0]            | rst_all                          |               20 |             32 |         1.60 |
| ~debug_clk        | core/ctrl/reg_write_reg_26[0]            | rst_all                          |               19 |             32 |         1.68 |
| ~debug_clk        | core/ctrl/reg_write_reg_13[0]            | rst_all                          |               22 |             32 |         1.45 |
| ~debug_clk        | core/ctrl/reg_write_reg_21[0]            | rst_all                          |               26 |             32 |         1.23 |
| ~debug_clk        | core/ctrl/reg_write_reg_1[0]             | rst_all                          |               20 |             32 |         1.60 |
| ~debug_clk        | core/ctrl/reg_write_reg_11[0]            | rst_all                          |               17 |             32 |         1.88 |
| ~debug_clk        | core/ctrl/reg_write_reg_12[0]            | rst_all                          |               22 |             32 |         1.45 |
| ~debug_clk        | core/ctrl/reg_write_reg_14[0]            | rst_all                          |               16 |             32 |         2.00 |
| ~debug_clk        | core/ctrl/reg_write_reg_15[0]            | rst_all                          |               15 |             32 |         2.13 |
| ~debug_clk        | core/ctrl/reg_write_reg_16[0]            | rst_all                          |               15 |             32 |         2.13 |
| ~debug_clk        | core/ctrl/reg_write_reg_19[0]            | rst_all                          |               21 |             32 |         1.52 |
| ~debug_clk        | core/ctrl/reg_write_reg_2[0]             | rst_all                          |               21 |             32 |         1.52 |
| ~debug_clk        | core/ctrl/reg_write_reg_0[0]             | rst_all                          |               20 |             32 |         1.60 |
|  debug_clk        |                                          | rst_all                          |               11 |             42 |         3.82 |
|  CLK_GEN/CLK_OUT1 | vga/U12/should_latch_debug_data          |                                  |                6 |             44 |         7.33 |
|  debug_clk        | core/reg_ID/state_reg[0][0]              |                                  |               28 |             57 |         2.04 |
|  debug_clk        | core/mem/E[0]                            |                                  |               26 |             57 |         2.19 |
|  debug_clk        | core/mu/state[6]_i_1_n_0                 |                                  |               33 |             64 |         1.94 |
|  debug_clk        | core/reg_ID/valid_reg_4[0]               |                                  |               22 |             64 |         2.91 |
|  debug_clk        | core/ctrl/J_in_FU_reg_1                  | rst_all                          |               34 |             66 |         1.94 |
|  debug_clk        | core/reg_ID/E[0]                         |                                  |               31 |             68 |         2.19 |
|  debug_clk        | core/reg_ID/FU_ALU_EN                    |                                  |               36 |             68 |         1.89 |
|  debug_clk        | core/reg_ID/state_reg_0                  |                                  |               35 |            110 |         3.14 |
|  debug_clk        | core/mem/add/state_reg[1]_2              |                                  |               32 |            128 |         4.00 |
|  debug_clk        | core/mem/add/state_reg[1]_3              |                                  |               32 |            128 |         4.00 |
|  debug_clk        | core/mem/add/state_reg[1]                |                                  |               32 |            128 |         4.00 |
|  debug_clk        | core/mem/add/state_reg[1]_0              |                                  |               32 |            128 |         4.00 |
|  debug_clk        | core/mem/add/state_reg[1]_5              |                                  |               32 |            128 |         4.00 |
|  debug_clk        | core/mem/add/state_reg[1]_1              |                                  |               32 |            128 |         4.00 |
|  debug_clk        | core/mem/add/state_reg[1]_6              |                                  |               32 |            128 |         4.00 |
|  debug_clk        | core/mem/add/state_reg[1]_4              |                                  |               32 |            128 |         4.00 |
|  debug_clk        |                                          |                                  |              478 |           2071 |         4.33 |
+-------------------+------------------------------------------+----------------------------------+------------------+----------------+--------------+


